<?xml version="1.0" encoding="UTF-8"?>
<!-- Generated by org.testng.reporters.JUnitReportReporter -->
<testsuite hostname="DESKTOP-OIVRE2M" failures="0" tests="1" name="crossBrowser.cbt.firstCrossBrowser" time="32.438" errors="0" timestamp="2024-04-02T15:52:50 IST" skipped="0">
  <testcase classname="crossBrowser.cbt.firstCrossBrowser" name="HomePageCheck" time="32.438"/>
  <system-out/>
</testsuite> <!-- crossBrowser.cbt.firstCrossBrowser -->
