<?xml version="1.0" encoding="UTF-8"?>
<!-- Generated by org.testng.reporters.JUnitReportReporter -->
<testsuite hostname="LAPTOP-DVG7SGTJ" failures="0" tests="1" name="crossBrowser.cbt.firstCrossBrowser" time="9.148" errors="0" timestamp="2024-04-17T17:35:54 IST" skipped="0">
  <testcase classname="crossBrowser.cbt.firstCrossBrowser" name="HomePageCheck" time="9.148"/>
  <system-out/>
</testsuite> <!-- crossBrowser.cbt.firstCrossBrowser -->
